#
# There is insufficient memory for the Java Runtime Environment to continue.
# Native memory allocation (mmap) failed to map 132120576 bytes for Failed to commit area from 0x0000000082000000 to 0x0000000089e00000 of length 132120576.
# Possible reasons:
#   The system is out of physical RAM or swap space
#   The process is running with CompressedOops enabled, and the Java Heap may be blocking the growth of the native heap
# Possible solutions:
#   Reduce memory load on the system
#   Increase physical memory or swap space
#   Check if swap backing store is full
#   Decrease Java heap size (-Xmx/-Xms)
#   Decrease number of Java threads
#   Decrease Java thread stack sizes (-Xss)
#   Set larger code cache with -XX:ReservedCodeCacheSize=
# This output file may be truncated or incomplete.
#
#  Out of Memory Error (./src/hotspot/os/windows/os_windows.cpp:3521), pid=15768, tid=2720
#
# JRE version:  (11.0.12+7) (build )
# Java VM: OpenJDK 64-Bit Server VM (11.0.12+7-b1504.28-7817840, mixed mode, sharing, tiered, compressed oops, g1 gc, windows-amd64)
# No core dump will be written. Minidumps are not enabled by default on client versions of Windows
#

---------------  S U M M A R Y ------------

Command Line: 

Host: Intel(R) Core(TM) i3-10100F CPU @ 3.60GHz, 8 cores, 7G,  Windows 10 , 64 bit Build 19041 (10.0.19041.3636)
Time: Thu Mar 21 10:04:53 2024 Saratov Standard Time elapsed time: 0.006622 seconds (0d 0h 0m 0s)

---------------  T H R E A D  ---------------

Current thread (0x000001d9acea0000):  JavaThread "Unknown thread" [_thread_in_vm, id=2720, stack(0x00000048b4d00000,0x00000048b4e00000)]

Stack: [0x00000048b4d00000,0x00000048b4e00000]
Native frames: (J=compiled Java code, j=interpreted, Vv=VM code, C=native code)
V  [jvm.dll+0x5fbcea]
V  [jvm.dll+0x731905]
V  [jvm.dll+0x732f1d]
V  [jvm.dll+0x7335d3]
V  [jvm.dll+0x247bf8]
V  [jvm.dll+0x5f90b4]
V  [jvm.dll+0x5edc85]
V  [jvm.dll+0x305aeb]
V  [jvm.dll+0x305a5a]
V  [jvm.dll+0x305932]
V  [jvm.dll+0x30a896]
V  [jvm.dll+0x353803]
V  [jvm.dll+0x353f06]
V  [jvm.dll+0x353903]
V  [jvm.dll+0x2e0678]
V  [jvm.dll+0x2e1827]
V  [jvm.dll+0x710037]
V  [jvm.dll+0x71182c]
V  [jvm.dll+0x360da9]
V  [jvm.dll+0x6f390e]
V  [jvm.dll+0x3c9723]
V  [jvm.dll+0x3cb9b1]
C  [jli.dll+0x536b]
C  [ucrtbase.dll+0x21bb2]
C  [KERNEL32.DLL+0x17344]
C  [ntdll.dll+0x526b1]


---------------  P R O C E S S  ---------------

Threads class SMR info:
_java_thread_list=0x000001d9acda1e20, length=0, elements={
}

Java Threads: ( => current thread )

Other Threads:
  0x000001d9aceb6000 GCTaskThread "GC Thread#0" [stack: 0x00000048b4e00000,0x00000048b4f00000] [id=9052]
  0x000001d9acee8800 ConcurrentGCThread "G1 Main Marker" [stack: 0x00000048b4f00000,0x00000048b5000000] [id=1040]
  0x000001d9acee9800 ConcurrentGCThread "G1 Conc#0" [stack: 0x00000048b5000000,0x00000048b5100000] [id=2988]

[error occurred during error reporting (printing all threads), id 0xc0000005, EXCEPTION_ACCESS_VIOLATION (0xc0000005) at pc=0x00007ffd8d740be7]

VM state:not at safepoint (not fully initialized)

VM Mutex/Monitor currently owned by a thread:  ([mutex/lock_event])
[0x000001d9ace9c210] Heap_lock - owner thread: 0x000001d9acea0000

Heap address: 0x0000000082000000, size: 2016 MB, Compressed Oops mode: Non-zero based: 0x0000000082000000
Narrow klass base: 0x0000000000000000, Narrow klass shift: 0

GC Heap History (0 events):
No events

Deoptimization events (0 events):
No events

Classes redefined (0 events):
No events

Internal exceptions (0 events):
No events

Events (1 events):
Event: 0.004 Loaded shared library C:\Program Files\Android\Android Studio\jre\bin\zip.dll


Dynamic libraries:
0x00007ff6f9660000 - 0x00007ff6f966a000 	C:\Program Files\Android\Android Studio\jre\bin\java.EXE
0x00007ffddec10000 - 0x00007ffddee08000 	C:\Windows\SYSTEM32\ntdll.dll
0x00007ffdddbe0000 - 0x00007ffdddc9d000 	C:\Windows\System32\KERNEL32.DLL
0x00007ffddc6f0000 - 0x00007ffddc9e6000 	C:\Windows\System32\KERNELBASE.dll
0x00007ffddc5f0000 - 0x00007ffddc6f0000 	C:\Windows\System32\ucrtbase.dll
0x00007ffdc9420000 - 0x00007ffdc9437000 	C:\Program Files\Android\Android Studio\jre\bin\VCRUNTIME140.dll
0x00007ffdda270000 - 0x00007ffdda289000 	C:\Program Files\Android\Android Studio\jre\bin\jli.dll
0x00007ffddd000000 - 0x00007ffddd19e000 	C:\Windows\System32\USER32.dll
0x00007ffddb970000 - 0x00007ffddbc0a000 	C:\Windows\WinSxS\amd64_microsoft.windows.common-controls_6595b64144ccf1df_6.0.19041.3636_none_60b6a03d71f818d5\COMCTL32.dll
0x00007ffddcbc0000 - 0x00007ffddcbe2000 	C:\Windows\System32\win32u.dll
0x00007ffddd8b0000 - 0x00007ffddd94e000 	C:\Windows\System32\msvcrt.dll
0x00007ffddd7f0000 - 0x00007ffddd81c000 	C:\Windows\System32\GDI32.dll
0x00007ffddc2e0000 - 0x00007ffddc3fa000 	C:\Windows\System32\gdi32full.dll
0x00007ffddc9f0000 - 0x00007ffddca8d000 	C:\Windows\System32\msvcp_win.dll
0x00007ffdddf10000 - 0x00007ffdddf40000 	C:\Windows\System32\IMM32.DLL
0x00007ffdc7670000 - 0x00007ffdc770d000 	C:\Program Files\Android\Android Studio\jre\bin\msvcp140.dll
0x00007ffd8d450000 - 0x00007ffd8df35000 	C:\Program Files\Android\Android Studio\jre\bin\server\jvm.dll
0x00007ffdddd20000 - 0x00007ffddddd3000 	C:\Windows\System32\ADVAPI32.dll
0x00007ffddd750000 - 0x00007ffddd7ef000 	C:\Windows\System32\sechost.dll
0x00007ffddd620000 - 0x00007ffddd746000 	C:\Windows\System32\RPCRT4.dll
0x00007ffddcb90000 - 0x00007ffddcbb7000 	C:\Windows\System32\bcrypt.dll
0x00007ffddcd70000 - 0x00007ffddcd78000 	C:\Windows\System32\PSAPI.DLL
0x00007ffdd8dc0000 - 0x00007ffdd8dc9000 	C:\Windows\SYSTEM32\WSOCK32.dll
0x00007ffdd5140000 - 0x00007ffdd5167000 	C:\Windows\SYSTEM32\WINMM.dll
0x00007ffdd5750000 - 0x00007ffdd575a000 	C:\Windows\SYSTEM32\VERSION.dll
0x00007ffdddf40000 - 0x00007ffdddfab000 	C:\Windows\System32\WS2_32.dll
0x00007ffdd93b0000 - 0x00007ffdd93c2000 	C:\Windows\SYSTEM32\kernel.appcore.dll
0x00007ffdd2090000 - 0x00007ffdd20a1000 	C:\Program Files\Android\Android Studio\jre\bin\verify.dll
0x00007ffddbc70000 - 0x00007ffddbe54000 	C:\Windows\SYSTEM32\DBGHELP.DLL
0x00007ffddbc30000 - 0x00007ffddbc64000 	C:\Windows\SYSTEM32\dbgcore.DLL
0x00007ffddc560000 - 0x00007ffddc5e2000 	C:\Windows\System32\bcryptPrimitives.dll
0x00007ffdd2060000 - 0x00007ffdd2089000 	C:\Program Files\Android\Android Studio\jre\bin\java.dll
0x00007ffdd2050000 - 0x00007ffdd205b000 	C:\Program Files\Android\Android Studio\jre\bin\jimage.dll
0x00007ffdd2030000 - 0x00007ffdd2048000 	C:\Program Files\Android\Android Studio\jre\bin\zip.dll

dbghelp: loaded successfully - version: 4.0.5 - missing functions: none
symbol engine: initialized successfully - sym options: 0x614 - pdb path: .;C:\Program Files\Android\Android Studio\jre\bin;C:\Windows\SYSTEM32;C:\Windows\WinSxS\amd64_microsoft.windows.common-controls_6595b64144ccf1df_6.0.19041.3636_none_60b6a03d71f818d5;C:\Program Files\Android\Android Studio\jre\bin\server

VM Arguments:
java_command: <unknown>
java_class_path (initial): <not set>
Launcher Type: SUN_STANDARD

[Global flags]
     intx CICompilerCount                          = 4                                         {product} {ergonomic}
     uint ConcGCThreads                            = 2                                         {product} {ergonomic}
     uint G1ConcRefinementThreads                  = 8                                         {product} {ergonomic}
   size_t G1HeapRegionSize                         = 1048576                                   {product} {ergonomic}
    uintx GCDrainStackTargetSize                   = 64                                        {product} {ergonomic}
   size_t InitialHeapSize                          = 132120576                                 {product} {ergonomic}
   size_t MarkStackSize                            = 4194304                                   {product} {ergonomic}
   size_t MaxHeapSize                              = 2113929216                                {product} {ergonomic}
   size_t MinHeapDeltaBytes                        = 1048576                                   {product} {ergonomic}
    uintx NonNMethodCodeHeapSize                   = 5836300                                {pd product} {ergonomic}
    uintx NonProfiledCodeHeapSize                  = 122910970                              {pd product} {ergonomic}
    uintx ProfiledCodeHeapSize                     = 122910970                              {pd product} {ergonomic}
    uintx ReservedCodeCacheSize                    = 251658240                              {pd product} {ergonomic}
     bool SegmentedCodeCache                       = true                                      {product} {ergonomic}
     bool UseCompressedClassPointers               = true                                 {lp64_product} {ergonomic}
     bool UseCompressedOops                        = true                                 {lp64_product} {ergonomic}
     bool UseG1GC                                  = true                                      {product} {ergonomic}
     bool UseLargePagesIndividualAllocation        = false                                  {pd product} {ergonomic}

Logging:
Log output configuration:
 #0: stdout all=warning uptime,level,tags
 #1: stderr all=off uptime,level,tags

Environment Variables:
PATH=C:\Python312\Scripts\;C:\Python312\;C:\Android\flutter\bin;C:\Program Files (x86)\NVIDIA Corporation\PhysX\Common;C:\Windows\system32;C:\Windows;C:\Windows\System32\Wbem;C:\Windows\System32\WindowsPowerShell\v1.0\;C:\Windows\System32\OpenSSH\;C:\Android\dart-sdk\bin;C:\Program Files\php-8.1.10;C:\Program Files\Git\cmd;php-8.2.12.zip - ZIP archive, unpacked size 85,193,143 bytes;C:\Program Files\nodejs\;C:\ProgramData\chocolatey\bin;C:\Android\dart-sdk\bin;C:\Users\Raj gupta\AppData\Local\Programs\Microsoft VS Code\bin;C:\Users\Raj gupta\composer;C:\Users\Raj gupta\AppData\Roaming\Composer\vendor\bin;C:\Users\Raj gupta\AppData\Roaming\npm;C:\Android\flutter\bin\mingit\cmd
USERNAME=Raj gupta
OS=Windows_NT
PROCESSOR_IDENTIFIER=Intel64 Family 6 Model 165 Stepping 3, GenuineIntel



---------------  S Y S T E M  ---------------

OS: Windows 10 , 64 bit Build 19041 (10.0.19041.3636)
OS uptime: 0 days 1:05 hours

CPU:total 8 (initial active 8) (4 cores per cpu, 2 threads per core) family 6 model 165 stepping 3 microcode 0xea, cmov, cx8, fxsr, mmx, sse, sse2, sse3, ssse3, sse4.1, sse4.2, popcnt, avx, avx2, aes, clmul, erms, 3dnowpref, lzcnt, ht, tsc, tscinvbit, bmi1, bmi2, adx, fma

Memory: 4k page, system-wide physical 8061M (1037M free)
TotalPageFile size 11614M (AvailPageFile size 91M)
current process WorkingSet (physical memory assigned to process): 10M, peak: 10M
current process commit charge ("private bytes"): 60M, peak: 185M

vm_info: OpenJDK 64-Bit Server VM (11.0.12+7-b1504.28-7817840) for windows-amd64 JRE (11.0.12+7-b1504.28-7817840), built on Oct 13 2021 22:12:33 by "builder" with MS VC++ 14.0 (VS2015)

END.
